<?xml version="1.0" encoding="UTF-8"?>
<!-- Generated by org.testng.reporters.JUnitReportReporter -->
<testsuite skipped="0" hostname="94N0PT2" name="com.tests.VisualTestingDemo" tests="2" failures="0" timestamp="2021-08-18T10:33:31 IST" time="49.699" errors="1">
  <testcase name="basicTest" time="43.408" classname="com.tests.VisualTestingDemo"/>
  <system-out/>
  <testcase name="afterEach" time="6.291" classname="com.tests.VisualTestingDemo">
    <error type="java.lang.Error" message="com.applitools.eyes.exceptions.DiffsFoundException: Test &#039;Base line execution&#039; of &#039;Shpping Cart web&#039; detected differences! See details at: https://eyes.applitools.com/app/batches/00000251773037807297/00000251773037807187?accountId=T-K-La45mEK85WobPUTKZg~~">
      <![CDATA[java.lang.Error: com.applitools.eyes.exceptions.DiffsFoundException: Test 'Base line execution' of 'Shpping Cart web' detected differences! See details at: https://eyes.applitools.com/app/batches/00000251773037807297/00000251773037807187?accountId=T-K-La45mEK85WobPUTKZg~~
at com.applitools.eyes.selenium.ClassicRunner.getAllTestResultsImpl(ClassicRunner.java:33)
at com.applitools.eyes.EyesRunner.getAllTestResults(EyesRunner.java:38)
at com.applitools.eyes.EyesRunner.getAllTestResults(EyesRunner.java:28)
at com.tests.VisualTestingDemo.afterEach(VisualTestingDemo.java:90)
at sun.reflect.NativeMethodAccessorImpl.invoke0(Native Method)
at sun.reflect.NativeMethodAccessorImpl.invoke(NativeMethodAccessorImpl.java:62)
at sun.reflect.DelegatingMethodAccessorImpl.invoke(DelegatingMethodAccessorImpl.java:43)
at java.lang.reflect.Method.invoke(Method.java:497)
at org.testng.internal.MethodInvocationHelper.invokeMethod(MethodInvocationHelper.java:133)
at org.testng.internal.MethodInvocationHelper.invokeMethodConsideringTimeout(MethodInvocationHelper.java:62)
at org.testng.internal.ConfigInvoker.invokeConfigurationMethod(ConfigInvoker.java:385)
at org.testng.internal.ConfigInvoker.invokeConfigurations(ConfigInvoker.java:321)
at org.testng.internal.TestInvoker.runConfigMethods(TestInvoker.java:700)
at org.testng.internal.TestInvoker.runAfterGroupsConfigurations(TestInvoker.java:676)
at org.testng.internal.TestInvoker.invokeMethod(TestInvoker.java:660)
at org.testng.internal.TestInvoker.invokeTestMethod(TestInvoker.java:173)
at org.testng.internal.MethodRunner.runInSequence(MethodRunner.java:46)
at org.testng.internal.TestInvoker$MethodInvocationAgent.invoke(TestInvoker.java:824)
at org.testng.internal.TestInvoker.invokeTestMethods(TestInvoker.java:146)
at org.testng.internal.TestMethodWorker.invokeTestMethods(TestMethodWorker.java:146)
at org.testng.internal.TestMethodWorker.run(TestMethodWorker.java:128)
at java.util.ArrayList.forEach(ArrayList.java:1249)
at org.testng.TestRunner.privateRun(TestRunner.java:794)
at org.testng.TestRunner.run(TestRunner.java:596)
at org.testng.SuiteRunner.runTest(SuiteRunner.java:377)
at org.testng.SuiteRunner.runSequentially(SuiteRunner.java:371)
at org.testng.SuiteRunner.privateRun(SuiteRunner.java:332)
at org.testng.SuiteRunner.run(SuiteRunner.java:276)
at org.testng.SuiteRunnerWorker.runSuite(SuiteRunnerWorker.java:53)
at org.testng.SuiteRunnerWorker.run(SuiteRunnerWorker.java:96)
at org.testng.TestNG.runSuitesSequentially(TestNG.java:1212)
at org.testng.TestNG.runSuitesLocally(TestNG.java:1134)
at org.testng.TestNG.runSuites(TestNG.java:1063)
at org.testng.TestNG.run(TestNG.java:1031)
at org.testng.remote.AbstractRemoteTestNG.run(AbstractRemoteTestNG.java:115)
at org.testng.remote.RemoteTestNG.initAndRun(RemoteTestNG.java:251)
at org.testng.remote.RemoteTestNG.main(RemoteTestNG.java:77)
Caused by: com.applitools.eyes.exceptions.DiffsFoundException: Test 'Base line execution' of 'Shpping Cart web' detected differences! See details at: https://eyes.applitools.com/app/batches/00000251773037807297/00000251773037807187?accountId=T-K-La45mEK85WobPUTKZg~~
at com.applitools.eyes.EyesBase.logSessionResultsAndThrowException(EyesBase.java:560)
at com.applitools.eyes.RunningTest.closeCompleted(RunningTest.java:87)
at com.applitools.eyes.selenium.SeleniumEyes.close(SeleniumEyes.java:1761)
at com.applitools.eyes.selenium.Eyes.closeAsync(Eyes.java:1841)
at com.tests.VisualTestingDemo.basicTest(VisualTestingDemo.java:77)
at sun.reflect.NativeMethodAccessorImpl.invoke0(Native Method)
at sun.reflect.NativeMethodAccessorImpl.invoke(NativeMethodAccessorImpl.java:62)
at sun.reflect.DelegatingMethodAccessorImpl.invoke(DelegatingMethodAccessorImpl.java:43)
at java.lang.reflect.Method.invoke(Method.java:497)
at org.testng.internal.MethodInvocationHelper.invokeMethod(MethodInvocationHelper.java:133)
at org.testng.internal.TestInvoker.invokeMethod(TestInvoker.java:598)
... 22 more
]]>
    </error>
  </testcase> <!-- afterEach -->
  <system-out/>
</testsuite> <!-- com.tests.VisualTestingDemo -->
